c:\users\cotaa\documents\visual studio 2019\projects\vc4wddm2\arm64\debug\vc142.pdb
c:\users\cotaa\documents\visual studio 2019\projects\vc4wddm2\arm64\debug\display.obj
c:\users\cotaa\documents\visual studio 2019\projects\vc4wddm2\arm64\debug\main.obj
c:\users\cotaa\documents\visual studio 2019\projects\vc4wddm2\arm64\debug\vc4wddm2\vc4wddm2.cat
c:\users\cotaa\documents\visual studio 2019\projects\vc4wddm2\arm64\debug\vc4wddm2.sys
c:\users\cotaa\documents\visual studio 2019\projects\vc4wddm2\arm64\debug\vc4wddm2.pdb
c:\users\cotaa\documents\visual studio 2019\projects\vc4wddm2\arm64\debug\vc4wddm2.inf
c:\users\cotaa\documents\visual studio 2019\projects\vc4wddm2\arm64\debug\vc4wddm2.cer
c:\users\cotaa\documents\visual studio 2019\projects\vc4wddm2\arm64\debug\vc4wddm2.tlog\cl.command.1.tlog
c:\users\cotaa\documents\visual studio 2019\projects\vc4wddm2\arm64\debug\vc4wddm2.tlog\cl.read.1.tlog
c:\users\cotaa\documents\visual studio 2019\projects\vc4wddm2\arm64\debug\vc4wddm2.tlog\cl.write.1.tlog
c:\users\cotaa\documents\visual studio 2019\projects\vc4wddm2\arm64\debug\vc4wddm2.tlog\inf2cat-expand.17148.read.1.tlog
c:\users\cotaa\documents\visual studio 2019\projects\vc4wddm2\arm64\debug\vc4wddm2.tlog\inf2cat-expand.17148.write.1.tlog
c:\users\cotaa\documents\visual studio 2019\projects\vc4wddm2\arm64\debug\vc4wddm2.tlog\inf2cat-expand.21340.read.1.tlog
c:\users\cotaa\documents\visual studio 2019\projects\vc4wddm2\arm64\debug\vc4wddm2.tlog\inf2cat-expand.21340.write.1.tlog
c:\users\cotaa\documents\visual studio 2019\projects\vc4wddm2\arm64\debug\vc4wddm2.tlog\inf2cat-expand.22280.read.1.tlog
c:\users\cotaa\documents\visual studio 2019\projects\vc4wddm2\arm64\debug\vc4wddm2.tlog\inf2cat-expand.22280.write.1.tlog
c:\users\cotaa\documents\visual studio 2019\projects\vc4wddm2\arm64\debug\vc4wddm2.tlog\inf2cat-expand.25392.read.1.tlog
c:\users\cotaa\documents\visual studio 2019\projects\vc4wddm2\arm64\debug\vc4wddm2.tlog\inf2cat-expand.25392.write.1.tlog
c:\users\cotaa\documents\visual studio 2019\projects\vc4wddm2\arm64\debug\vc4wddm2.tlog\inf2cat-expand.4964.read.1.tlog
c:\users\cotaa\documents\visual studio 2019\projects\vc4wddm2\arm64\debug\vc4wddm2.tlog\inf2cat-expand.4964.write.1.tlog
c:\users\cotaa\documents\visual studio 2019\projects\vc4wddm2\arm64\debug\vc4wddm2.tlog\inf2cat-expand.read.1.tlog
c:\users\cotaa\documents\visual studio 2019\projects\vc4wddm2\arm64\debug\vc4wddm2.tlog\inf2cat-expand.write.1.tlog
c:\users\cotaa\documents\visual studio 2019\projects\vc4wddm2\arm64\debug\vc4wddm2.tlog\inf2cat.command.1.tlog
c:\users\cotaa\documents\visual studio 2019\projects\vc4wddm2\arm64\debug\vc4wddm2.tlog\inf2cat.read.1.tlog
c:\users\cotaa\documents\visual studio 2019\projects\vc4wddm2\arm64\debug\vc4wddm2.tlog\inf2cat.write.1.tlog
c:\users\cotaa\documents\visual studio 2019\projects\vc4wddm2\arm64\debug\vc4wddm2.tlog\link.command.1.tlog
c:\users\cotaa\documents\visual studio 2019\projects\vc4wddm2\arm64\debug\vc4wddm2.tlog\link.read.1.tlog
c:\users\cotaa\documents\visual studio 2019\projects\vc4wddm2\arm64\debug\vc4wddm2.tlog\link.write.1.tlog
c:\users\cotaa\documents\visual studio 2019\projects\vc4wddm2\arm64\debug\vc4wddm2.tlog\signtool.command.1.tlog
c:\users\cotaa\documents\visual studio 2019\projects\vc4wddm2\arm64\debug\vc4wddm2.tlog\signtool.read.1.tlog
c:\users\cotaa\documents\visual studio 2019\projects\vc4wddm2\arm64\debug\vc4wddm2.tlog\signtool.timestamp.1.tlog
c:\users\cotaa\documents\visual studio 2019\projects\vc4wddm2\arm64\debug\vc4wddm2.tlog\signtool.write.1.tlog
c:\users\cotaa\documents\visual studio 2019\projects\vc4wddm2\arm64\debug\vc4wddm2.tlog\stampinf.command.1.tlog
c:\users\cotaa\documents\visual studio 2019\projects\vc4wddm2\arm64\debug\vc4wddm2.tlog\stampinf.read.1.tlog
c:\users\cotaa\documents\visual studio 2019\projects\vc4wddm2\arm64\debug\vc4wddm2.tlog\stampinf.write.1.tlog
